<?xml version="1.0" encoding="UTF-8"?>
<coverage generated="1610877831152" clover="3.2.0">
  <project timestamp="1610877831152" name="All files">
    <metrics statements="39" coveredstatements="30" conditionals="32" coveredconditionals="18" methods="12" coveredmethods="9" elements="83" coveredelements="57" complexity="0" loc="39" ncloc="39" packages="1" files="2" classes="2"/>
    <file name="CensusAnalyser.js" path="C:\Users\ashwi\Desktop\Bridgelabz\JavaScript\Assignments\IndiaStateCensusAnalyserProblem\main\CensusAnalyser.js">
      <metrics statements="21" coveredstatements="20" conditionals="16" coveredconditionals="15" methods="6" coveredmethods="6"/>
      <line num="1" count="1" type="stmt"/>
      <line num="2" count="1" type="stmt"/>
      <line num="3" count="1" type="stmt"/>
      <line num="4" count="1" type="stmt"/>
      <line num="9" count="5" type="stmt"/>
      <line num="12" count="5" type="stmt"/>
      <line num="14" count="5" type="cond" truecount="2" falsecount="0"/>
      <line num="15" count="1" type="stmt"/>
      <line num="16" count="1" type="stmt"/>
      <line num="19" count="4" type="stmt"/>
      <line num="20" count="4" type="cond" truecount="2" falsecount="0"/>
      <line num="21" count="1" type="stmt"/>
      <line num="24" count="5" type="stmt"/>
      <line num="27" count="4" type="cond" truecount="6" falsecount="0"/>
      <line num="31" count="1" type="stmt"/>
      <line num="35" count="116" type="stmt"/>
      <line num="36" count="116" type="cond" truecount="5" falsecount="1"/>
      <line num="37" count="0" type="stmt"/>
      <line num="40" count="116" type="stmt"/>
      <line num="44" count="4" type="stmt"/>
      <line num="66" count="1" type="stmt"/>
    </file>
    <file name="IndiaStateCode.js" path="C:\Users\ashwi\Desktop\Bridgelabz\JavaScript\Assignments\IndiaStateCensusAnalyserProblem\main\IndiaStateCode.js">
      <metrics statements="18" coveredstatements="10" conditionals="16" coveredconditionals="3" methods="6" coveredmethods="3"/>
      <line num="1" count="1" type="stmt"/>
      <line num="2" count="1" type="stmt"/>
      <line num="3" count="1" type="stmt"/>
      <line num="10" count="4" type="stmt"/>
      <line num="12" count="4" type="cond" truecount="1" falsecount="1"/>
      <line num="13" count="0" type="stmt"/>
      <line num="16" count="4" type="stmt"/>
      <line num="17" count="4" type="cond" truecount="2" falsecount="0"/>
      <line num="18" count="1" type="stmt"/>
      <line num="21" count="4" type="stmt"/>
      <line num="24" count="0" type="cond" truecount="0" falsecount="6"/>
      <line num="28" count="0" type="stmt"/>
      <line num="32" count="0" type="stmt"/>
      <line num="33" count="0" type="cond" truecount="0" falsecount="6"/>
      <line num="37" count="0" type="stmt"/>
      <line num="40" count="0" type="stmt"/>
      <line num="44" count="0" type="stmt"/>
      <line num="50" count="1" type="stmt"/>
    </file>
  </project>
</coverage>
