<?xml version="1.0" encoding="UTF-8"?>
<coverage generated="1610727884154" clover="3.2.0">
  <project timestamp="1610727884154" name="All files">
    <metrics statements="37" coveredstatements="20" conditionals="32" coveredconditionals="13" methods="12" coveredmethods="7" elements="81" coveredelements="40" complexity="0" loc="37" ncloc="37" packages="1" files="2" classes="2"/>
    <file name="CensusAnalyser.js" path="C:\Users\ashwi\Desktop\Bridgelabz\JavaScript\Assignments\IndiaStateCensusAnalyserProblem\main\CensusAnalyser.js">
      <metrics statements="19" coveredstatements="16" conditionals="16" coveredconditionals="13" methods="6" coveredmethods="6"/>
      <line num="1" count="1" type="stmt"/>
      <line num="2" count="1" type="stmt"/>
      <line num="3" count="1" type="stmt"/>
      <line num="4" count="1" type="stmt"/>
      <line num="12" count="5" type="stmt"/>
      <line num="14" count="5" type="cond" truecount="2" falsecount="0"/>
      <line num="15" count="2" type="stmt"/>
      <line num="19" count="3" type="stmt"/>
      <line num="20" count="3" type="cond" truecount="1" falsecount="1"/>
      <line num="21" count="0" type="stmt"/>
      <line num="24" count="5" type="stmt"/>
      <line num="27" count="3" type="cond" truecount="5" falsecount="1"/>
      <line num="31" count="0" type="stmt"/>
      <line num="35" count="87" type="stmt"/>
      <line num="36" count="87" type="cond" truecount="5" falsecount="1"/>
      <line num="37" count="0" type="stmt"/>
      <line num="40" count="87" type="stmt"/>
      <line num="44" count="3" type="stmt"/>
      <line num="49" count="1" type="stmt"/>
    </file>
    <file name="IndiaStateCode.js" path="C:\Users\ashwi\Desktop\Bridgelabz\JavaScript\Assignments\IndiaStateCensusAnalyserProblem\main\IndiaStateCode.js">
      <metrics statements="18" coveredstatements="4" conditionals="16" coveredconditionals="0" methods="6" coveredmethods="1"/>
      <line num="1" count="1" type="stmt"/>
      <line num="2" count="1" type="stmt"/>
      <line num="3" count="1" type="stmt"/>
      <line num="10" count="0" type="stmt"/>
      <line num="12" count="0" type="cond" truecount="0" falsecount="2"/>
      <line num="13" count="0" type="stmt"/>
      <line num="16" count="0" type="stmt"/>
      <line num="17" count="0" type="cond" truecount="0" falsecount="2"/>
      <line num="18" count="0" type="stmt"/>
      <line num="21" count="0" type="stmt"/>
      <line num="24" count="0" type="cond" truecount="0" falsecount="6"/>
      <line num="28" count="0" type="stmt"/>
      <line num="32" count="0" type="stmt"/>
      <line num="33" count="0" type="cond" truecount="0" falsecount="6"/>
      <line num="37" count="0" type="stmt"/>
      <line num="40" count="0" type="stmt"/>
      <line num="44" count="0" type="stmt"/>
      <line num="50" count="1" type="stmt"/>
    </file>
  </project>
</coverage>
