{"C:\\Users\\ashwi\\Desktop\\Bridgelabz\\JavaScript\\Assignments\\IndiaStateCensusAnalyserProblem\\main\\CensusAnalyser.js": {"path":"C:\\Users\\ashwi\\Desktop\\Bridgelabz\\JavaScript\\Assignments\\IndiaStateCensusAnalyserProblem\\main\\CensusAnalyser.js","statementMap":{"0":{"start":{"line":1,"column":12},"end":{"line":1,"column":33}},"1":{"start":{"line":2,"column":11},"end":{"line":2,"column":24}},"2":{"start":{"line":3,"column":11},"end":{"line":3,"column":26}},"3":{"start":{"line":4,"column":13},"end":{"line":4,"column":15}},"4":{"start":{"line":12,"column":6},"end":{"line":46,"column":8}},"5":{"start":{"line":14,"column":6},"end":{"line":23,"column":7}},"6":{"start":{"line":15,"column":7},"end":{"line":15,"column":56}},"7":{"start":{"line":19,"column":24},"end":{"line":19,"column":42}},"8":{"start":{"line":20,"column":8},"end":{"line":22,"column":9}},"9":{"start":{"line":21,"column":8},"end":{"line":21,"column":57}},"10":{"start":{"line":24,"column":6},"end":{"line":45,"column":10}},"11":{"start":{"line":27,"column":12},"end":{"line":32,"column":13}},"12":{"start":{"line":31,"column":14},"end":{"line":31,"column":59}},"13":{"start":{"line":35,"column":10},"end":{"line":35,"column":28}},"14":{"start":{"line":36,"column":10},"end":{"line":41,"column":11}},"15":{"start":{"line":37,"column":14},"end":{"line":37,"column":64}},"16":{"start":{"line":40,"column":14},"end":{"line":40,"column":32}},"17":{"start":{"line":44,"column":10},"end":{"line":44,"column":25}},"18":{"start":{"line":49,"column":0},"end":{"line":49,"column":32}}},"fnMap":{"0":{"name":"(anonymous_0)","decl":{"start":{"line":7,"column":2},"end":{"line":7,"column":3}},"loc":{"start":{"line":7,"column":16},"end":{"line":8,"column":3}},"line":7},"1":{"name":"(anonymous_1)","decl":{"start":{"line":10,"column":4},"end":{"line":10,"column":5}},"loc":{"start":{"line":10,"column":29},"end":{"line":47,"column":5}},"line":10},"2":{"name":"(anonymous_2)","decl":{"start":{"line":12,"column":25},"end":{"line":12,"column":26}},"loc":{"start":{"line":12,"column":46},"end":{"line":46,"column":7}},"line":12},"3":{"name":"(anonymous_3)","decl":{"start":{"line":26,"column":21},"end":{"line":26,"column":22}},"loc":{"start":{"line":26,"column":32},"end":{"line":33,"column":7}},"line":26},"4":{"name":"(anonymous_4)","decl":{"start":{"line":34,"column":18},"end":{"line":34,"column":19}},"loc":{"start":{"line":34,"column":27},"end":{"line":42,"column":7}},"line":34},"5":{"name":"(anonymous_5)","decl":{"start":{"line":43,"column":17},"end":{"line":43,"column":18}},"loc":{"start":{"line":43,"column":23},"end":{"line":45,"column":9}},"line":43}},"branchMap":{"0":{"loc":{"start":{"line":14,"column":6},"end":{"line":23,"column":7}},"type":"if","locations":[{"start":{"line":14,"column":6},"end":{"line":23,"column":7}},{"start":{"line":14,"column":6},"end":{"line":23,"column":7}}],"line":14},"1":{"loc":{"start":{"line":20,"column":8},"end":{"line":22,"column":9}},"type":"if","locations":[{"start":{"line":20,"column":8},"end":{"line":22,"column":9}},{"start":{"line":20,"column":8},"end":{"line":22,"column":9}}],"line":20},"2":{"loc":{"start":{"line":27,"column":12},"end":{"line":32,"column":13}},"type":"if","locations":[{"start":{"line":27,"column":12},"end":{"line":32,"column":13}},{"start":{"line":27,"column":12},"end":{"line":32,"column":13}}],"line":27},"3":{"loc":{"start":{"line":27,"column":15},"end":{"line":30,"column":43}},"type":"binary-expr","locations":[{"start":{"line":27,"column":15},"end":{"line":27,"column":35}},{"start":{"line":28,"column":14},"end":{"line":28,"column":39}},{"start":{"line":29,"column":14},"end":{"line":29,"column":39}},{"start":{"line":30,"column":14},"end":{"line":30,"column":43}}],"line":27},"4":{"loc":{"start":{"line":36,"column":10},"end":{"line":41,"column":11}},"type":"if","locations":[{"start":{"line":36,"column":10},"end":{"line":41,"column":11}},{"start":{"line":36,"column":10},"end":{"line":41,"column":11}}],"line":36},"5":{"loc":{"start":{"line":36,"column":13},"end":{"line":36,"column":108}},"type":"binary-expr","locations":[{"start":{"line":36,"column":13},"end":{"line":36,"column":29}},{"start":{"line":36,"column":33},"end":{"line":36,"column":54}},{"start":{"line":36,"column":58},"end":{"line":36,"column":79}},{"start":{"line":36,"column":83},"end":{"line":36,"column":108}}],"line":36}},"s":{"0":1,"1":1,"2":1,"3":1,"4":5,"5":5,"6":2,"7":3,"8":3,"9":0,"10":5,"11":3,"12":0,"13":87,"14":87,"15":0,"16":87,"17":3,"18":1},"f":{"0":5,"1":5,"2":5,"3":3,"4":87,"5":3},"b":{"0":[2,3],"1":[0,3],"2":[0,3],"3":[3,3,3,3],"4":[0,87],"5":[87,87,87,87]},"_coverageSchema":"1a1c01bbd47fc00a2c39e90264f33305004495a9","hash":"c4d5e8728aa808ed827df873ae63d8c8ff6ddbe5"}
,"C:\\Users\\ashwi\\Desktop\\Bridgelabz\\JavaScript\\Assignments\\IndiaStateCensusAnalyserProblem\\main\\IndiaStateCode.js": {"path":"C:\\Users\\ashwi\\Desktop\\Bridgelabz\\JavaScript\\Assignments\\IndiaStateCensusAnalyserProblem\\main\\IndiaStateCode.js","statementMap":{"0":{"start":{"line":1,"column":11},"end":{"line":1,"column":24}},"1":{"start":{"line":2,"column":11},"end":{"line":2,"column":26}},"2":{"start":{"line":3,"column":14},"end":{"line":3,"column":16}},"3":{"start":{"line":10,"column":6},"end":{"line":47,"column":8}},"4":{"start":{"line":12,"column":6},"end":{"line":20,"column":7}},"5":{"start":{"line":13,"column":7},"end":{"line":13,"column":56}},"6":{"start":{"line":16,"column":24},"end":{"line":16,"column":43}},"7":{"start":{"line":17,"column":8},"end":{"line":19,"column":9}},"8":{"start":{"line":18,"column":10},"end":{"line":18,"column":59}},"9":{"start":{"line":21,"column":6},"end":{"line":45,"column":12}},"10":{"start":{"line":24,"column":12},"end":{"line":29,"column":13}},"11":{"start":{"line":28,"column":14},"end":{"line":28,"column":59}},"12":{"start":{"line":32,"column":12},"end":{"line":32,"column":31}},"13":{"start":{"line":33,"column":12},"end":{"line":41,"column":13}},"14":{"start":{"line":37,"column":16},"end":{"line":37,"column":66}},"15":{"start":{"line":40,"column":16},"end":{"line":40,"column":35}},"16":{"start":{"line":44,"column":12},"end":{"line":44,"column":28}},"17":{"start":{"line":50,"column":0},"end":{"line":50,"column":32}}},"fnMap":{"0":{"name":"(anonymous_0)","decl":{"start":{"line":6,"column":2},"end":{"line":6,"column":3}},"loc":{"start":{"line":6,"column":16},"end":{"line":7,"column":3}},"line":6},"1":{"name":"(anonymous_1)","decl":{"start":{"line":9,"column":4},"end":{"line":9,"column":5}},"loc":{"start":{"line":9,"column":34},"end":{"line":48,"column":5}},"line":9},"2":{"name":"(anonymous_2)","decl":{"start":{"line":10,"column":25},"end":{"line":10,"column":26}},"loc":{"start":{"line":10,"column":46},"end":{"line":47,"column":7}},"line":10},"3":{"name":"(anonymous_3)","decl":{"start":{"line":23,"column":21},"end":{"line":23,"column":22}},"loc":{"start":{"line":23,"column":32},"end":{"line":30,"column":11}},"line":23},"4":{"name":"(anonymous_4)","decl":{"start":{"line":31,"column":22},"end":{"line":31,"column":23}},"loc":{"start":{"line":31,"column":31},"end":{"line":42,"column":11}},"line":31},"5":{"name":"(anonymous_5)","decl":{"start":{"line":43,"column":21},"end":{"line":43,"column":22}},"loc":{"start":{"line":43,"column":27},"end":{"line":45,"column":11}},"line":43}},"branchMap":{"0":{"loc":{"start":{"line":12,"column":6},"end":{"line":20,"column":7}},"type":"if","locations":[{"start":{"line":12,"column":6},"end":{"line":20,"column":7}},{"start":{"line":12,"column":6},"end":{"line":20,"column":7}}],"line":12},"1":{"loc":{"start":{"line":17,"column":8},"end":{"line":19,"column":9}},"type":"if","locations":[{"start":{"line":17,"column":8},"end":{"line":19,"column":9}},{"start":{"line":17,"column":8},"end":{"line":19,"column":9}}],"line":17},"2":{"loc":{"start":{"line":24,"column":12},"end":{"line":29,"column":13}},"type":"if","locations":[{"start":{"line":24,"column":12},"end":{"line":29,"column":13}},{"start":{"line":24,"column":12},"end":{"line":29,"column":13}}],"line":24},"3":{"loc":{"start":{"line":24,"column":15},"end":{"line":27,"column":43}},"type":"binary-expr","locations":[{"start":{"line":24,"column":15},"end":{"line":24,"column":35}},{"start":{"line":25,"column":14},"end":{"line":25,"column":39}},{"start":{"line":26,"column":14},"end":{"line":26,"column":39}},{"start":{"line":27,"column":14},"end":{"line":27,"column":43}}],"line":24},"4":{"loc":{"start":{"line":33,"column":12},"end":{"line":41,"column":13}},"type":"if","locations":[{"start":{"line":33,"column":12},"end":{"line":41,"column":13}},{"start":{"line":33,"column":12},"end":{"line":41,"column":13}}],"line":33},"5":{"loc":{"start":{"line":33,"column":15},"end":{"line":36,"column":41}},"type":"binary-expr","locations":[{"start":{"line":33,"column":15},"end":{"line":33,"column":31}},{"start":{"line":34,"column":16},"end":{"line":34,"column":37}},{"start":{"line":35,"column":16},"end":{"line":35,"column":37}},{"start":{"line":36,"column":16},"end":{"line":36,"column":41}}],"line":33}},"s":{"0":1,"1":1,"2":1,"3":0,"4":0,"5":0,"6":0,"7":0,"8":0,"9":0,"10":0,"11":0,"12":0,"13":0,"14":0,"15":0,"16":0,"17":1},"f":{"0":4,"1":0,"2":0,"3":0,"4":0,"5":0},"b":{"0":[0,0],"1":[0,0],"2":[0,0],"3":[0,0,0,0],"4":[0,0],"5":[0,0,0,0]},"_coverageSchema":"1a1c01bbd47fc00a2c39e90264f33305004495a9","hash":"b0a98a17c35df00e94a9c7c9bc94132cd9857845"}
}
