TN:
SF:main\CensusAnalyser.js
FN:7,(anonymous_0)
FN:10,(anonymous_1)
FN:12,(anonymous_2)
FN:26,(anonymous_3)
FN:34,(anonymous_4)
FN:43,(anonymous_5)
FNF:6
FNH:6
FNDA:5,(anonymous_0)
FNDA:5,(anonymous_1)
FNDA:5,(anonymous_2)
FNDA:3,(anonymous_3)
FNDA:87,(anonymous_4)
FNDA:3,(anonymous_5)
DA:1,1
DA:2,1
DA:3,1
DA:4,1
DA:12,5
DA:14,5
DA:15,2
DA:19,3
DA:20,3
DA:21,0
DA:24,5
DA:27,3
DA:31,0
DA:35,87
DA:36,87
DA:37,0
DA:40,87
DA:44,3
DA:49,1
LF:19
LH:16
BRDA:14,0,0,2
BRDA:14,0,1,3
BRDA:20,1,0,0
BRDA:20,1,1,3
BRDA:27,2,0,0
BRDA:27,2,1,3
BRDA:27,3,0,3
BRDA:27,3,1,3
BRDA:27,3,2,3
BRDA:27,3,3,3
BRDA:36,4,0,0
BRDA:36,4,1,87
BRDA:36,5,0,87
BRDA:36,5,1,87
BRDA:36,5,2,87
BRDA:36,5,3,87
BRF:16
BRH:13
end_of_record
TN:
SF:main\IndiaStateCode.js
FN:6,(anonymous_0)
FN:9,(anonymous_1)
FN:10,(anonymous_2)
FN:23,(anonymous_3)
FN:31,(anonymous_4)
FN:43,(anonymous_5)
FNF:6
FNH:1
FNDA:4,(anonymous_0)
FNDA:0,(anonymous_1)
FNDA:0,(anonymous_2)
FNDA:0,(anonymous_3)
FNDA:0,(anonymous_4)
FNDA:0,(anonymous_5)
DA:1,1
DA:2,1
DA:3,1
DA:10,0
DA:12,0
DA:13,0
DA:16,0
DA:17,0
DA:18,0
DA:21,0
DA:24,0
DA:28,0
DA:32,0
DA:33,0
DA:37,0
DA:40,0
DA:44,0
DA:50,1
LF:18
LH:4
BRDA:12,0,0,0
BRDA:12,0,1,0
BRDA:17,1,0,0
BRDA:17,1,1,0
BRDA:24,2,0,0
BRDA:24,2,1,0
BRDA:24,3,0,0
BRDA:24,3,1,0
BRDA:24,3,2,0
BRDA:24,3,3,0
BRDA:33,4,0,0
BRDA:33,4,1,0
BRDA:33,5,0,0
BRDA:33,5,1,0
BRDA:33,5,2,0
BRDA:33,5,3,0
BRF:16
BRH:0
end_of_record
