TN:
SF:main\CensusAnalyser.js
FN:8,(anonymous_0)
FN:11,(anonymous_1)
FN:12,(anonymous_2)
FN:26,(anonymous_3)
FN:34,(anonymous_4)
FN:43,(anonymous_5)
FNF:6
FNH:6
FNDA:5,(anonymous_0)
FNDA:5,(anonymous_1)
FNDA:5,(anonymous_2)
FNDA:4,(anonymous_3)
FNDA:116,(anonymous_4)
FNDA:4,(anonymous_5)
DA:1,1
DA:2,1
DA:3,1
DA:4,1
DA:9,5
DA:12,5
DA:14,5
DA:15,1
DA:16,1
DA:19,4
DA:20,4
DA:21,1
DA:24,5
DA:27,4
DA:31,1
DA:35,116
DA:36,116
DA:37,0
DA:40,116
DA:44,4
DA:66,1
LF:21
LH:20
BRDA:14,0,0,1
BRDA:14,0,1,4
BRDA:20,1,0,1
BRDA:20,1,1,3
BRDA:27,2,0,1
BRDA:27,2,1,3
BRDA:27,3,0,4
BRDA:27,3,1,3
BRDA:27,3,2,3
BRDA:27,3,3,3
BRDA:36,4,0,0
BRDA:36,4,1,116
BRDA:36,5,0,116
BRDA:36,5,1,116
BRDA:36,5,2,116
BRDA:36,5,3,116
BRF:16
BRH:15
end_of_record
TN:
SF:main\IndiaStateCode.js
FN:6,(anonymous_0)
FN:9,(anonymous_1)
FN:10,(anonymous_2)
FN:23,(anonymous_3)
FN:31,(anonymous_4)
FN:43,(anonymous_5)
FNF:6
FNH:3
FNDA:5,(anonymous_0)
FNDA:4,(anonymous_1)
FNDA:4,(anonymous_2)
FNDA:0,(anonymous_3)
FNDA:0,(anonymous_4)
FNDA:0,(anonymous_5)
DA:1,1
DA:2,1
DA:3,1
DA:10,4
DA:12,4
DA:13,0
DA:16,4
DA:17,4
DA:18,1
DA:21,4
DA:24,0
DA:28,0
DA:32,0
DA:33,0
DA:37,0
DA:40,0
DA:44,0
DA:50,1
LF:18
LH:10
BRDA:12,0,0,0
BRDA:12,0,1,4
BRDA:17,1,0,1
BRDA:17,1,1,3
BRDA:24,2,0,0
BRDA:24,2,1,0
BRDA:24,3,0,0
BRDA:24,3,1,0
BRDA:24,3,2,0
BRDA:24,3,3,0
BRDA:33,4,0,0
BRDA:33,4,1,0
BRDA:33,5,0,0
BRDA:33,5,1,0
BRDA:33,5,2,0
BRDA:33,5,3,0
BRF:16
BRH:3
end_of_record
